Warning[205] D:\PROJELER\MPLAB\MESAFE_SENSOR.ASM 1 : Found directive in column 1. (LIST)
Warning[205] D:\PROJELER\MPLAB\MESAFE_SENSOR.ASM 2 : Found directive in column 1. (INCLUDE)
Warning[205] D:\PROJELER\MPLAB\MESAFE_SENSOR.ASM 3 : Found directive in column 1. (__CONFIG)
Warning[203] D:\PROJELER\MPLAB\MESAFE_SENSOR.ASM 17 : Found opcode in column 1. (CLRF)
Warning[203] D:\PROJELER\MPLAB\MESAFE_SENSOR.ASM 18 : Found opcode in column 1. (CLRF)
Warning[203] D:\PROJELER\MPLAB\MESAFE_SENSOR.ASM 31 : Found opcode in column 1. (MOVLW)
Warning[203] D:\PROJELER\MPLAB\MESAFE_SENSOR.ASM 32 : Found opcode in column 1. (MOVWF)
Message[302] D:\PROJELER\MPLAB\MESAFE_SENSOR.ASM 32 : Register in operand not in bank 0.  Ensure that bank bits are correct.
Warning[203] D:\PROJELER\MPLAB\MESAFE_SENSOR.ASM 33 : Found opcode in column 1. (MOVLW)
Warning[203] D:\PROJELER\MPLAB\MESAFE_SENSOR.ASM 34 : Found opcode in column 1. (MOVWF)
Message[302] D:\PROJELER\MPLAB\MESAFE_SENSOR.ASM 34 : Register in operand not in bank 0.  Ensure that bank bits are correct.
Message[302] D:\PROJELER\MPLAB\MESAFE_SENSOR.ASM 35 : Register in operand not in bank 0.  Ensure that bank bits are correct.
Message[302] D:\PROJELER\MPLAB\MESAFE_SENSOR.ASM 36 : Register in operand not in bank 0.  Ensure that bank bits are correct.
Message[302] D:\PROJELER\MPLAB\MESAFE_SENSOR.ASM 37 : Register in operand not in bank 0.  Ensure that bank bits are correct.
Message[302] D:\PROJELER\MPLAB\MESAFE_SENSOR.ASM 38 : Register in operand not in bank 0.  Ensure that bank bits are correct.
Message[302] D:\PROJELER\MPLAB\MESAFE_SENSOR.ASM 39 : Register in operand not in bank 0.  Ensure that bank bits are correct.
Warning[203] D:\PROJELER\MPLAB\MESAFE_SENSOR.ASM 51 : Found opcode in column 1. (movlw)
Warning[203] D:\PROJELER\MPLAB\MESAFE_SENSOR.ASM 52 : Found opcode in column 1. (movwf)
Warning[203] D:\PROJELER\MPLAB\MESAFE_SENSOR.ASM 53 : Found opcode in column 1. (CALL)
Warning[203] D:\PROJELER\MPLAB\MESAFE_SENSOR.ASM 54 : Found opcode in column 1. (CALL)
Warning[203] D:\PROJELER\MPLAB\MESAFE_SENSOR.ASM 55 : Found opcode in column 1. (CALL)
Warning[203] D:\PROJELER\MPLAB\MESAFE_SENSOR.ASM 56 : Found opcode in column 1. (CALL)
Warning[203] D:\PROJELER\MPLAB\MESAFE_SENSOR.ASM 57 : Found opcode in column 1. (CALL)
Warning[203] D:\PROJELER\MPLAB\MESAFE_SENSOR.ASM 58 : Found opcode in column 1. (CALL)
Warning[203] D:\PROJELER\MPLAB\MESAFE_SENSOR.ASM 59 : Found opcode in column 1. (CALL)
Warning[203] D:\PROJELER\MPLAB\MESAFE_SENSOR.ASM 60 : Found opcode in column 1. (CALL)
Warning[203] D:\PROJELER\MPLAB\MESAFE_SENSOR.ASM 61 : Found opcode in column 1. (GOTO)
Warning[203] D:\PROJELER\MPLAB\MESAFE_SENSOR.ASM 136 : Found opcode in column 1. (RETURN)
Warning[203] D:\PROJELER\MPLAB\MESAFE_SENSOR.ASM 147 : Found opcode in column 1. (RETURN)
Warning[203] D:\PROJELER\MPLAB\MESAFE_SENSOR.ASM 150 : Found opcode in column 1. (BCF)
Warning[203] D:\PROJELER\MPLAB\MESAFE_SENSOR.ASM 151 : Found opcode in column 1. (BCF)
Warning[203] D:\PROJELER\MPLAB\MESAFE_SENSOR.ASM 152 : Found opcode in column 1. (BSF)
Warning[203] D:\PROJELER\MPLAB\MESAFE_SENSOR.ASM 153 : Found opcode in column 1. (CALL)
Warning[203] D:\PROJELER\MPLAB\MESAFE_SENSOR.ASM 154 : Found opcode in column 1. (MOVF)
Warning[203] D:\PROJELER\MPLAB\MESAFE_SENSOR.ASM 155 : Found opcode in column 1. (CALL)
Warning[203] D:\PROJELER\MPLAB\MESAFE_SENSOR.ASM 156 : Found opcode in column 1. (MOVWF)
Warning[203] D:\PROJELER\MPLAB\MESAFE_SENSOR.ASM 157 : Found opcode in column 1. (COMF)
Warning[203] D:\PROJELER\MPLAB\MESAFE_SENSOR.ASM 158 : Found opcode in column 1. (RETURN)
Warning[203] D:\PROJELER\MPLAB\MESAFE_SENSOR.ASM 161 : Found opcode in column 1. (MOVF)
Warning[203] D:\PROJELER\MPLAB\MESAFE_SENSOR.ASM 162 : Found opcode in column 1. (MOVWF)
Warning[203] D:\PROJELER\MPLAB\MESAFE_SENSOR.ASM 164 : Found opcode in column 1. (MOVLW)
Warning[203] D:\PROJELER\MPLAB\MESAFE_SENSOR.ASM 165 : Found opcode in column 1. (SUBWF)
Warning[203] D:\PROJELER\MPLAB\MESAFE_SENSOR.ASM 166 : Found opcode in column 1. (BTFSC)
Warning[203] D:\PROJELER\MPLAB\MESAFE_SENSOR.ASM 167 : Found opcode in column 1. (GOTO)
Warning[203] D:\PROJELER\MPLAB\MESAFE_SENSOR.ASM 168 : Found opcode in column 1. (MOVLW)
Warning[203] D:\PROJELER\MPLAB\MESAFE_SENSOR.ASM 169 : Found opcode in column 1. (ADDWF)
Warning[203] D:\PROJELER\MPLAB\MESAFE_SENSOR.ASM 170 : Found opcode in column 1. (RETURN)
Warning[203] D:\PROJELER\MPLAB\MESAFE_SENSOR.ASM 173 : Found opcode in column 1. (MOVF)
Warning[203] D:\PROJELER\MPLAB\MESAFE_SENSOR.ASM 174 : Found opcode in column 1. (MOVWF)
Warning[203] D:\PROJELER\MPLAB\MESAFE_SENSOR.ASM 175 : Found opcode in column 1. (MOVLW)
Warning[203] D:\PROJELER\MPLAB\MESAFE_SENSOR.ASM 176 : Found opcode in column 1. (MOVWF)
Warning[203] D:\PROJELER\MPLAB\MESAFE_SENSOR.ASM 178 : Found opcode in column 1. (INCF)
Warning[203] D:\PROJELER\MPLAB\MESAFE_SENSOR.ASM 179 : Found opcode in column 1. (MOVLW)
Warning[203] D:\PROJELER\MPLAB\MESAFE_SENSOR.ASM 180 : Found opcode in column 1. (SUBWF)
Warning[203] D:\PROJELER\MPLAB\MESAFE_SENSOR.ASM 181 : Found opcode in column 1. (BTFSC)
Warning[203] D:\PROJELER\MPLAB\MESAFE_SENSOR.ASM 182 : Found opcode in column 1. (GOTO)
Warning[203] D:\PROJELER\MPLAB\MESAFE_SENSOR.ASM 184 : Found opcode in column 1. (MOVLW)
Warning[203] D:\PROJELER\MPLAB\MESAFE_SENSOR.ASM 185 : Found opcode in column 1. (SUBWF)
Warning[203] D:\PROJELER\MPLAB\MESAFE_SENSOR.ASM 186 : Found opcode in column 1. (BTFSC)
Warning[203] D:\PROJELER\MPLAB\MESAFE_SENSOR.ASM 187 : Found opcode in column 1. (GOTO)
Warning[203] D:\PROJELER\MPLAB\MESAFE_SENSOR.ASM 188 : Found opcode in column 1. (MOVLW)
Warning[203] D:\PROJELER\MPLAB\MESAFE_SENSOR.ASM 189 : Found opcode in column 1. (ADDWF)
Warning[203] D:\PROJELER\MPLAB\MESAFE_SENSOR.ASM 190 : Found opcode in column 1. (RETURN)
Warning[203] D:\PROJELER\MPLAB\MESAFE_SENSOR.ASM 193 : Found opcode in column 1. (MOVF)
Warning[203] D:\PROJELER\MPLAB\MESAFE_SENSOR.ASM 194 : Found opcode in column 1. (MOVWF)
Warning[203] D:\PROJELER\MPLAB\MESAFE_SENSOR.ASM 195 : Found opcode in column 1. (MOVLW)
Warning[203] D:\PROJELER\MPLAB\MESAFE_SENSOR.ASM 196 : Found opcode in column 1. (MOVWF)
Warning[203] D:\PROJELER\MPLAB\MESAFE_SENSOR.ASM 198 : Found opcode in column 1. (INCF)
Warning[203] D:\PROJELER\MPLAB\MESAFE_SENSOR.ASM 199 : Found opcode in column 1. (MOVLW)
Warning[203] D:\PROJELER\MPLAB\MESAFE_SENSOR.ASM 200 : Found opcode in column 1. (SUBWF)
Warning[203] D:\PROJELER\MPLAB\MESAFE_SENSOR.ASM 201 : Found opcode in column 1. (BTFSC)
Warning[203] D:\PROJELER\MPLAB\MESAFE_SENSOR.ASM 202 : Found opcode in column 1. (GOTO)
Warning[203] D:\PROJELER\MPLAB\MESAFE_SENSOR.ASM 203 : Found opcode in column 1. (RETURN)
Warning[203] D:\PROJELER\MPLAB\MESAFE_SENSOR.ASM 227 : Found opcode in column 1. (movlw)
Warning[203] D:\PROJELER\MPLAB\MESAFE_SENSOR.ASM 228 : Found opcode in column 1. (movwf)
Warning[203] D:\PROJELER\MPLAB\MESAFE_SENSOR.ASM 229 : Found opcode in column 1. (movlw)
Warning[203] D:\PROJELER\MPLAB\MESAFE_SENSOR.ASM 230 : Found opcode in column 1. (movwf)
Warning[207] D:\PROJELER\MPLAB\MESAFE_SENSOR.ASM 233 : Found label after column 1. (Loop_Inner)
Warning[203] D:\PROJELER\MPLAB\MESAFE_SENSOR.ASM 237 : Found opcode in column 1. (goto)
Warning[203] D:\PROJELER\MPLAB\MESAFE_SENSOR.ASM 238 : Found opcode in column 1. (RETURN)
Warning[205] D:\PROJELER\MPLAB\MESAFE_SENSOR.ASM 252 : Found directive in column 1. (end)
